
> mannru@0.1.0 build
> NODE_OPTIONS='--max-old-space-size=2048' next build --webpack

▲ Next.js 16.2.6 (webpack)
- Experiments (use with caution):
  ✓ webpackMemoryOptimizations

  Creating an optimized production build ...
✓ Compiled successfully in 22.7s
  Running TypeScript ...
  Finished TypeScript in 11.3s ...
  Collecting page data using 3 workers ...
  Generating static pages using 3 workers (0/53) ...
  Generating static pages using 3 workers (13/53)
  Generating static pages using 3 workers (26/53)
  Generating static pages using 3 workers (39/53)
✓ Generating static pages using 3 workers (53/53) in 701ms
  Finalizing page optimization ...
  Collecting build traces ...

Route (app)
┌ ○ /
├ ○ /_not-found
├ ƒ /api/auth/login
├ ƒ /api/auth/logout
├ ƒ /api/auth/me
├ ƒ /api/auth/register
├ ƒ /api/auth/session
├ ƒ /api/bonuses
├ ƒ /api/bonuses/redeem
├ ƒ /api/cards
├ ƒ /api/charity
├ ƒ /api/dev
├ ƒ /api/dev/oauth-apps
├ ƒ /api/dev/oauth-apps/[id]
├ ƒ /api/dev/oauth-domains
├ ƒ /api/dev/users
├ ƒ /api/event/calculate
├ ƒ /api/event/claim
├ ƒ /api/games/coinflip
├ ƒ /api/games/roulette
├ ƒ /api/games/slots
├ ƒ /api/games/ttt
├ ƒ /api/games/ttt/sync
├ ƒ /api/investments/buy
├ ƒ /api/investments/crash-reset
├ ƒ /api/investments/holdings
├ ƒ /api/investments/market
├ ƒ /api/investments/reveal
├ ƒ /api/investments/sell
├ ƒ /api/oauth
├ ƒ /api/oauth/apps
├ ƒ /api/oauth/authorize
├ ƒ /api/tasks
├ ƒ /api/transactions
├ ƒ /api/user
├ ○ /dashboard
├ ○ /dashboard/bonuses
├ ○ /dashboard/cards
├ ○ /dashboard/event
├ ○ /dashboard/games
├ ○ /dashboard/games/coinflip
├ ○ /dashboard/games/roulette
├ ○ /dashboard/games/slots
├ ○ /dashboard/games/ttt
├ ○ /dashboard/history
├ ○ /dashboard/investments
├ ○ /dashboard/lariek
├ ○ /dashboard/settings
├ ○ /dashboard/tasks
├ ○ /dashboard/transfers
├ ○ /login
└ ○ /oauth/authorize


ƒ Proxy (Middleware)

○  (Static)   prerendered as static content
ƒ  (Dynamic)  server-rendered on demand
